0 info it worked if it ends with ok
1 verbose cli [ '/Users/garrett/.nvm/versions/node/v6.3.1/bin/node',
1 verbose cli   '/Users/garrett/.nvm/versions/node/v6.3.1/bin/npm',
1 verbose cli   'run',
1 verbose cli   'serve' ]
2 info using npm@3.10.3
3 info using node@v6.3.1
4 verbose run-script [ 'preserve', 'serve', 'postserve' ]
5 info lifecycle reactReduxStarter@1.2.0~preserve: reactReduxStarter@1.2.0
6 silly lifecycle reactReduxStarter@1.2.0~preserve: no script for preserve, continuing
7 info lifecycle reactReduxStarter@1.2.0~serve: reactReduxStarter@1.2.0
8 verbose lifecycle reactReduxStarter@1.2.0~serve: unsafe-perm in lifecycle true
9 verbose lifecycle reactReduxStarter@1.2.0~serve: PATH: /Users/garrett/.nvm/versions/node/v6.3.1/lib/node_modules/npm/bin/node-gyp-bin:/Users/garrett/Documents/webDev/projects/starterKit/node_modules/.bin:/Users/garrett/.nvm/versions/node/v6.3.1/bin:/Users/garrett/.nvm/versions/node/v6.3.1/bin:/usr/local/bin:/usr/bin:/bin:/usr/sbin:/sbin:/usr/local/go/bin:/usr/local/Cellar/node/7.7.2/bin:/Users/garrett/go/bin:/Applications/Postgres.app/Contents/Versions/9.5/bin
10 verbose lifecycle reactReduxStarter@1.2.0~serve: CWD: /Users/garrett/Documents/webDev/projects/starterKit
11 silly lifecycle reactReduxStarter@1.2.0~serve: Args: [ '-c', 'webpack-dev-server' ]
12 silly lifecycle reactReduxStarter@1.2.0~serve: Returned: code: 1  signal: null
13 info lifecycle reactReduxStarter@1.2.0~serve: Failed to exec serve script
14 verbose stack Error: reactReduxStarter@1.2.0 serve: `webpack-dev-server`
14 verbose stack Exit status 1
14 verbose stack     at EventEmitter.<anonymous> (/Users/garrett/.nvm/versions/node/v6.3.1/lib/node_modules/npm/lib/utils/lifecycle.js:242:16)
14 verbose stack     at emitTwo (events.js:106:13)
14 verbose stack     at EventEmitter.emit (events.js:191:7)
14 verbose stack     at ChildProcess.<anonymous> (/Users/garrett/.nvm/versions/node/v6.3.1/lib/node_modules/npm/lib/utils/spawn.js:40:14)
14 verbose stack     at emitTwo (events.js:106:13)
14 verbose stack     at ChildProcess.emit (events.js:191:7)
14 verbose stack     at maybeClose (internal/child_process.js:852:16)
14 verbose stack     at Process.ChildProcess._handle.onexit (internal/child_process.js:215:5)
15 verbose pkgid reactReduxStarter@1.2.0
16 verbose cwd /Users/garrett/Documents/webDev/projects/starterKit
17 error Darwin 15.3.0
18 error argv "/Users/garrett/.nvm/versions/node/v6.3.1/bin/node" "/Users/garrett/.nvm/versions/node/v6.3.1/bin/npm" "run" "serve"
19 error node v6.3.1
20 error npm  v3.10.3
21 error code ELIFECYCLE
22 error reactReduxStarter@1.2.0 serve: `webpack-dev-server`
22 error Exit status 1
23 error Failed at the reactReduxStarter@1.2.0 serve script 'webpack-dev-server'.
23 error Make sure you have the latest version of node.js and npm installed.
23 error If you do, this is most likely a problem with the reactReduxStarter package,
23 error not with npm itself.
23 error Tell the author that this fails on your system:
23 error     webpack-dev-server
23 error You can get information on how to open an issue for this project with:
23 error     npm bugs reactReduxStarter
23 error Or if that isn't available, you can get their info via:
23 error     npm owner ls reactReduxStarter
23 error There is likely additional logging output above.
24 verbose exit [ 1, true ]
